<?xml version="1.0" encoding="UTF-8"?>
<testsuite xmlns:xsi="http://www.w3.org/2001/XMLSchema-instance" xsi:noNamespaceSchemaLocation="https://maven.apache.org/surefire/maven-surefire-plugin/xsd/surefire-test-report-3.0.xsd" version="3.0" name="com.natwest.oceanexplorer.model.GridTest" time="0.006" tests="7" errors="0" skipped="0" failures="0">
  <properties>
[...]
</properties>
  <testcase name="shouldThrowForZeroWidth" classname="com.natwest.oceanexplorer.model.GridTest" time="0.001"/>
  <testcase name="shouldDetectObstacleAtRegisteredPosition" classname="com.natwest.oceanexplorer.model.GridTest" time="0.001"/>
  <testcase name="shouldReturnFalseForPositionWithoutObstacle" classname="com.natwest.oceanexplorer.model.GridTest" time="0.001"/>
  <testcase name="shouldAcceptPositionsWithinBounds" classname="com.natwest.oceanexplorer.model.GridTest" time="0.001"/>
  <testcase name="shouldThrowForNegativeHeight" classname="com.natwest.oceanexplorer.model.GridTest" time="0.001"/>
  <testcase name="shouldCreateGridWithNoObstacles" classname="com.natwest.oceanexplorer.model.GridTest" time="0.0"/>
  <testcase name="shouldRejectPositionsOutsideBounds" classname="com.natwest.oceanexplorer.model.GridTest" time="0.001"/>
</testsuite>